Running rethinkdb 2.2.5 (GCC 5.3.0)...
Running on Linux 4.4.3-1-ARCH x86_64
Loading data from directory /home/admin/rethinkdb1
Listening for intracluster connections on port 29015
Soda tcp server listening on 10.0.0.12:8124
/home/admin/soda-machine/node_modules/rethinkdb/node_modules/bluebird/js/main/async.js:43
        fn = function () { throw arg; };
                           ^

ReferenceError: handleError is not defined
    at /home/admin/soda-machine/bin/sodaserver:16:9
    at tryCatcher (/home/admin/soda-machine/node_modules/rethinkdb/node_modules/bluebird/js/main/util.js:26:23)
    at Promise.errorAdapter (/home/admin/soda-machine/node_modules/rethinkdb/node_modules/bluebird/js/main/nodeify.js:36:34)
    at Promise._settlePromiseAt (/home/admin/soda-machine/node_modules/rethinkdb/node_modules/bluebird/js/main/promise.js:579:21)
    at Promise._settlePromises (/home/admin/soda-machine/node_modules/rethinkdb/node_modules/bluebird/js/main/promise.js:697:14)
    at Async._drainQueue (/home/admin/soda-machine/node_modules/rethinkdb/node_modules/bluebird/js/main/async.js:123:16)
    at Async._drainQueues (/home/admin/soda-machine/node_modules/rethinkdb/node_modules/bluebird/js/main/async.js:133:10)
    at Immediate.Async.drainQueues [as _onImmediate] (/home/admin/soda-machine/node_modules/rethinkdb/node_modules/bluebird/js/main/async.js:15:14)
    at processImmediate [as _immediateCallback] (timers.js:383:17)
Listening for client driver connections on port 28015
Listening for administrative HTTP connections on port 8080
Listening on addresses: 127.0.0.1, 10.0.0.12, ::1, fe80::5aa8:acbb:d150:e927%2
Server ready, "KAPPA" 65a24a39-d5e9-4e5e-88ec-639bc51fac68
Express server listening on port 8081
[90mGET / [36m302 [90m43ms - 56b[0m
[ { name: 'Ethan Treeman',
    timestamp: Fri Mar 04 2016 13:41:42 GMT-0600 (CST),
    amount: 0.5 },
  { name: 'Christian Elowsky',
    timestamp: Fri Mar 04 2016 13:49:36 GMT-0600 (CST),
    amount: 0.5 },
  { name: 'Ethan Treeman',
    timestamp: Fri Mar 04 2016 13:38:34 GMT-0600 (CST),
    amount: 0.5 },
  { name: 'Ethan Treeman',
    timestamp: Fri Mar 04 2016 13:48:29 GMT-0600 (CST),
    amount: 0.5 } ]
March 2016
2016-03-06T00:00:22-06:00
2016-03-04T13:41:42-06:00
2016-04-06T00:00:22-05:00
March 2016
2016-03-06T00:00:22-06:00
2016-03-04T13:49:36-06:00
2016-04-06T00:00:22-05:00
March 2016
2016-03-06T00:00:22-06:00
2016-03-04T13:38:34-06:00
2016-04-06T00:00:22-05:00
March 2016
2016-03-06T00:00:22-06:00
2016-03-04T13:48:29-06:00
2016-04-06T00:00:22-05:00
February 2016
2016-01-31T00:00:22-06:00
2016-03-04T13:41:42-06:00
2016-02-29T00:00:22-06:00
February 2016
2016-01-31T00:00:22-06:00
2016-03-04T13:49:36-06:00
2016-02-29T00:00:22-06:00
February 2016
2016-01-31T00:00:22-06:00
2016-03-04T13:38:34-06:00
2016-02-29T00:00:22-06:00
February 2016
2016-01-31T00:00:22-06:00
2016-03-04T13:48:29-06:00
2016-02-29T00:00:22-06:00
January 2016
2016-01-03T00:00:22-06:00
2016-03-04T13:41:42-06:00
2016-02-03T00:00:22-06:00
January 2016
2016-01-03T00:00:22-06:00
2016-03-04T13:49:36-06:00
2016-02-03T00:00:22-06:00
January 2016
2016-01-03T00:00:22-06:00
2016-03-04T13:38:34-06:00
2016-02-03T00:00:22-06:00
January 2016
2016-01-03T00:00:22-06:00
2016-03-04T13:48:29-06:00
2016-02-03T00:00:22-06:00
December 2015
2015-12-06T00:00:22-06:00
2016-03-04T13:41:42-06:00
2016-01-06T00:00:22-06:00
December 2015
2015-12-06T00:00:22-06:00
2016-03-04T13:49:36-06:00
2016-01-06T00:00:22-06:00
December 2015
2015-12-06T00:00:22-06:00
2016-03-04T13:38:34-06:00
2016-01-06T00:00:22-06:00
December 2015
2015-12-06T00:00:22-06:00
2016-03-04T13:48:29-06:00
2016-01-06T00:00:22-06:00
November 2015
2015-11-01T00:00:22-05:00
2016-03-04T13:41:42-06:00
2015-12-01T00:00:22-06:00
November 2015
2015-11-01T00:00:22-05:00
2016-03-04T13:49:36-06:00
2015-12-01T00:00:22-06:00
November 2015
2015-11-01T00:00:22-05:00
2016-03-04T13:38:34-06:00
2015-12-01T00:00:22-06:00
November 2015
2015-11-01T00:00:22-05:00
2016-03-04T13:48:29-06:00
2015-12-01T00:00:22-06:00
October 2015
2015-10-04T00:00:22-05:00
2016-03-04T13:41:42-06:00
2015-11-04T00:00:22-06:00
October 2015
2015-10-04T00:00:22-05:00
2016-03-04T13:49:36-06:00
2015-11-04T00:00:22-06:00
October 2015
2015-10-04T00:00:22-05:00
2016-03-04T13:38:34-06:00
2015-11-04T00:00:22-06:00
October 2015
2015-10-04T00:00:22-05:00
2016-03-04T13:48:29-06:00
2015-11-04T00:00:22-06:00
September 2015
2015-09-06T00:00:22-05:00
2016-03-04T13:41:42-06:00
2015-10-06T00:00:22-05:00
September 2015
2015-09-06T00:00:22-05:00
2016-03-04T13:49:36-06:00
2015-10-06T00:00:22-05:00
September 2015
2015-09-06T00:00:22-05:00
2016-03-04T13:38:34-06:00
2015-10-06T00:00:22-05:00
September 2015
2015-09-06T00:00:22-05:00
2016-03-04T13:48:29-06:00
2015-10-06T00:00:22-05:00
August 2015
2015-08-02T00:00:22-05:00
2016-03-04T13:41:42-06:00
2015-09-02T00:00:22-05:00
August 2015
2015-08-02T00:00:22-05:00
2016-03-04T13:49:36-06:00
2015-09-02T00:00:22-05:00
August 2015
2015-08-02T00:00:22-05:00
2016-03-04T13:38:34-06:00
2015-09-02T00:00:22-05:00
August 2015
2015-08-02T00:00:22-05:00
2016-03-04T13:48:29-06:00
2015-09-02T00:00:22-05:00
July 2015
2015-07-05T00:00:22-05:00
2016-03-04T13:41:42-06:00
2015-08-05T00:00:22-05:00
July 2015
2015-07-05T00:00:22-05:00
2016-03-04T13:49:36-06:00
2015-08-05T00:00:22-05:00
July 2015
2015-07-05T00:00:22-05:00
2016-03-04T13:38:34-06:00
2015-08-05T00:00:22-05:00
July 2015
2015-07-05T00:00:22-05:00
2016-03-04T13:48:29-06:00
2015-08-05T00:00:22-05:00
June 2015
2015-05-31T00:00:22-05:00
2016-03-04T13:41:42-06:00
2015-06-30T00:00:22-05:00
June 2015
2015-05-31T00:00:22-05:00
2016-03-04T13:49:36-06:00
2015-06-30T00:00:22-05:00
June 2015
2015-05-31T00:00:22-05:00
2016-03-04T13:38:34-06:00
2015-06-30T00:00:22-05:00
June 2015
2015-05-31T00:00:22-05:00
2016-03-04T13:48:29-06:00
2015-06-30T00:00:22-05:00
May 2015
2015-05-03T00:00:22-05:00
2016-03-04T13:41:42-06:00
2015-06-03T00:00:22-05:00
May 2015
2015-05-03T00:00:22-05:00
2016-03-04T13:49:36-06:00
2015-06-03T00:00:22-05:00
May 2015
2015-05-03T00:00:22-05:00
2016-03-04T13:38:34-06:00
2015-06-03T00:00:22-05:00
May 2015
2015-05-03T00:00:22-05:00
2016-03-04T13:48:29-06:00
2015-06-03T00:00:22-05:00
April 2015
2015-04-05T00:00:22-05:00
2016-03-04T13:41:42-06:00
2015-05-05T00:00:22-05:00
April 2015
2015-04-05T00:00:22-05:00
2016-03-04T13:49:36-06:00
2015-05-05T00:00:22-05:00
April 2015
2015-04-05T00:00:22-05:00
2016-03-04T13:38:34-06:00
2015-05-05T00:00:22-05:00
April 2015
2015-04-05T00:00:22-05:00
2016-03-04T13:48:29-06:00
2015-05-05T00:00:22-05:00
[90mGET /usage [32m200 [90m188ms - 1.61kb[0m
[90mGET /stylesheets/style.css [36m304 [90m8ms[0m
[90mGET /bower_components/bootstrap/dist/css/bootstrap.min.css [36m304 [90m1ms[0m
[90mGET /bower_components/bootstrap/dist/css/bootstrap-theme.min.css [36m304 [90m2ms[0m
[90mGET /bower_components/bootstrap/dist/js/bootstrap.min.js [36m304 [90m2ms[0m
Server got SIGTERM from pid 521, uid 0; shutting down...
Shutting down client connections...
All client connections closed.
Shutting down storage engine... (This may take a while if you had a lot of unflushed data in the writeback cache.)
Storage engine shut down.
error: Failed to shutdown worker process: 'failed to send job function to worker'.  Killing it.
